<?xml version="1.0" encoding="UTF-8"?>
<testng-results ignored="0" total="1" passed="1" failed="0" skipped="0">
  <reporter-output>
  </reporter-output>
  <suite started-at="2025-05-06T09:07:42 IST" name="Default suite" finished-at="2025-05-06T09:07:45 IST" duration-ms="3360">
    <groups>
    </groups>
    <test started-at="2025-05-06T09:07:42 IST" name="Default test" finished-at="2025-05-06T09:07:45 IST" duration-ms="3360">
      <class name="Datadriven.Hybrid">
        <test-method is-config="true" signature="beforeMethod()[pri:0, instance:Datadriven.Hybrid@6302bbb1]" started-at="2025-05-06T09:07:42 IST" name="beforeMethod" finished-at="2025-05-06T09:07:44 IST" duration-ms="2724" status="PASS">
          <reporter-output>
          </reporter-output>
        </test-method> <!-- beforeMethod -->
        <test-method signature="login()[pri:0, instance:Datadriven.Hybrid@6302bbb1]" started-at="2025-05-06T09:07:44 IST" name="login" finished-at="2025-05-06T09:07:45 IST" duration-ms="591" status="PASS">
          <reporter-output>
          </reporter-output>
        </test-method> <!-- login -->
        <test-method is-config="true" signature="afterMethod()[pri:0, instance:Datadriven.Hybrid@6302bbb1]" started-at="2025-05-06T09:07:45 IST" name="afterMethod" finished-at="2025-05-06T09:07:45 IST" duration-ms="0" status="PASS">
          <reporter-output>
          </reporter-output>
        </test-method> <!-- afterMethod -->
      </class> <!-- Datadriven.Hybrid -->
    </test> <!-- Default test -->
  </suite> <!-- Default suite -->
</testng-results>
