<?xml version="1.0" encoding="UTF-8"?>
<!-- Generated by org.testng.reporters.JUnitXMLReporter -->
<testsuite ignored="0" hostname="Durga" failures="0" tests="4" name="Test" time="0.088" errors="0" timestamp="2025-04-19T10:00:34 IST">
  <testcase classname="TestNgParellel.Sess01" name="addtocart" time="0.014"/>
  <testcase classname="TestNgParellel.Sess02" name="order" time="0.014"/>
  <testcase classname="TestNgParellel.Sess02" name="payment" time="0.001"/>
  <testcase classname="TestNgParellel.Sess01" name="login" time="0.004"/>
</testsuite> <!-- Test -->
