<?xml version="1.0" encoding="UTF-8"?>
<!-- Generated by org.testng.reporters.JUnitXMLReporter -->
<testsuite ignored="1" hostname="Durga" failures="1" tests="2" name="Test" time="17.668" errors="0" timestamp="2025-05-15T12:03:08 IST">
  <testcase classname="TestCases.TC02_Login" name="login" time="2.457">
    <failure type="java.lang.AssertionError" message="Welcome raj 01 expected [true] but found [false]">
      <![CDATA[java.lang.AssertionError: Welcome raj 01 expected [true] but found [false]
at TestCases.TC02_Login.login(TC02_Login.java:29)
at java.base/java.util.ArrayList.forEach(ArrayList.java:1596)
... Removed 28 stack frames]]>
    </failure>
  </testcase> <!-- login -->
  <testcase classname="TestCases.TC01_Register" name="register" time="2.242"/>
  <testcase classname="TestCases.TC03_LoginDDT" name="verify_loginDDT" time="0.0">
    <ignored/>
  </testcase> <!-- verify_loginDDT -->
</testsuite> <!-- Test -->
